<?xml version="1.0" encoding="UTF-8" ?>
<testsuite tests="4" failures="0" name="TestRunner" time="0.028" errors="0" skipped="4">
  <properties>
[...]
</properties>
  <testcase classname="Get available pets" name="Verify available pets" time="0.007">
    <skipped/>
  </testcase>
  <testcase classname="Get available pets" name="Verify available pets" time="0.007">
    <skipped/>
  </testcase>
  <testcase classname="Get available pets" name="Verify available pets" time="0.007">
    <skipped/>
  </testcase>
  <testcase classname="Get available pets" name="Verify available pets" time="0.007">
    <skipped/>
  </testcase>
</testsuite>